DEBUG:Start UDP broadcast server on port 43210
INFO:Discovering IP of Simarine device...
DEBUG:Waiting for UDP broadcast message
DEBUG:UDP broadcast message received
INFO:Found device at 192.168.20.68:5001
DEBUG:Connecting to 192.168.20.68:5001...
INFO:Fetching device infos
DEBUG:Request Message(type=<MessageType.DEVICE_COUNT: b'\x02'>, data=b'')
DEBUG:Response Message(type=<MessageType.DEVICE_COUNT: b'\x02'>, data=b'\x01\x01\x00\x00\x00\x1f\xff\x02\x01\x00\x00\x00)\xff')
DEBUG:Request Message(type=<MessageType.DEVICE_INFO: b'A'>, data=b'\x00\x01\x00\x00\x00\x00\xff\x01\x03\x00\x00\x00\x00\xff\x00\x00\x00\x00\xff')
DEBUG:Response Message(type=<MessageType.DEVICE_INFO: b'A'>, data=b'\x00\x01\x00\x00\x00\x00\xff\x01\x03\x00\x00\x00\x00\xff\x00\x00\x00\n\xff\x02\x01\x00\x00\x00\x00\xff\x03\x01\x85\xde\xc3F\xff\x04\x03\x00\x00\x00\x00\xff\x00\x00\x00\x01\xff\x05\x03\x00\x00\x00\x00\xff\x00\x00\x00\x01\xff\x06\x03\x00\x00\x00\x00\xff\x00\x00\x00\x01\xff\x07\x03e\x0c]\xae\xff\x00\x00\x00\x02\xff\x08\x03\x00\x00\x00\x00\xff\x00\x00\x00\x01\xff\t\x03\x00\x00\x00\x00\xff\x00\x00\x00\x01\xff\n\x04\x00\x00\x00\x00\xffPico8710\x00\xff\x0b\x03\x00\x00\x00\x00\xff\xc0\xa8\x01\x01\xff\x0c\x03\x00\x00\x00\x00\xff\x00\x00\x13\x89\xff\r\x03\x00\x00\x00\x00\xff\xc0\xa8\x01\xff\xff\x0e\x03\x00\x00\x00\x00\xff\x00\x00\xa8\xca\xff\x0f\x04\x00\x00\x00\x00\xffpico2245\x00\xff\x10\x03\x00\x00\x00\x00\xff\x00\x00\x00\x01\xff\x11\x03d\xe2\xb5\x94\xff\x00\x00\x00d\xff\x12\x03d\xe3\xa0\xc9\xff\x00\x00\x00\n\xff\x13\x03\x00\x00\x00\x00\xff\x00\x00\x00\x01\xff\x14\x03\x00\x00\x00\x00\xff\x00\x00\x00(\xff\x15\x03\x00\x00\x00\x00\xff\x00\x00\x00\x01\xff\x16\x03\x00\x00\x00\x00\xff\x00\x00\x00\x01\xff\x17\x03\x00\x00\x00\x00\xff\x00\x00\x00\x01\xff\x18\x03\x00\x00\x00\x00\xff\x00\x00\x00\x01\xff\x19\x03\x00\x00\x00\x00\xff\x00\x00\x00\x01\xff\x1a\x01\x00\x00\x00\x00\xff\x1b\x03\x00\x00\x00\x00\xff\x00\x00\x00<\xff\x1c\x03\x00\x00\x00\x00\xff\x00\x00\x00\x00\xff\x1d\x03e\x1a[\xd6\xff\x00\x00\x00\x18\xff')
DEBUG:Request Message(type=<MessageType.DEVICE_INFO: b'A'>, data=b'\x00\x01\x00\x00\x00\x01\xff\x01\x03\x00\x00\x00\x00\xff\x00\x00\x00\x00\xff')
DEBUG:Response Message(type=<MessageType.DEVICE_INFO: b'A'>, data=b'\x00\x01\x00\x00\x00\x01\xff\x01\x03\x00\x00\x00\x00\xff\x00\x00\x00\x07\xff\x02\x01\x00\x00\x00\x00\xff\x03\x01\x85\xde\xc3F\xff\x04\x03e3\xcf\xb8\xff\x00\x00\x1c \xff\x05\x03?\xce\x97$\xff\x00\x00\x00\x00\xff\x06\x03\x00\x00\x00\x00\xff\x00\x00\x00\xff\xff\x07\x03\x00\x00\x00\x00\xff\xc9b\xf6F\xff')
DEBUG:Request Message(type=<MessageType.DEVICE_INFO: b'A'>, data=b'\x00\x01\x00\x00\x00\x02\xff\x01\x03\x00\x00\x00\x00\xff\x00\x00\x00\x00\xff')
DEBUG:Response Message(type=<MessageType.DEVICE_INFO: b'A'>, data=b'\x00\x01\x00\x00\x00\x02\xff\x01\x03\x00\x00\x00\x00\xff\x00\x00\x00\x04\xff\x02\x01\x00\x00\x00\x00\xff\x03\x04\x00\x00\x00\x00\xffSensor 1\x00\xff\x04\x01\x85\xde\xc3F\xff\x05\x01\x00\x00\x00\x01\xff\x06\x03\xd2\xadBN\xff\x00\x00\x00\x00\xff\x07\x03i\xc8|U\xff\x00\x00\x00\x00\xff\x08\x03\x00\x00\x00\x00\xff\x00\x00\x00\xff\xff\t\x03\x00\x00\x00\x00\xffi\x96\r\x9a\xff')
DEBUG:Request Message(type=<MessageType.DEVICE_INFO: b'A'>, data=b'\x00\x01\x00\x00\x00\x03\xff\x01\x03\x00\x00\x00\x00\xff\x00\x00\x00\x00\xff')
DEBUG:Response Message(type=<MessageType.DEVICE_INFO: b'A'>, data=b'\x00\x01\x00\x00\x00\x03\xff\x01\x03\x00\x00\x00\x00\xff\x00\x00\x00\x00\xff')
DEBUG:Request Message(type=<MessageType.DEVICE_INFO: b'A'>, data=b'\x00\x01\x00\x00\x00\x04\xff\x01\x03\x00\x00\x00\x00\xff\x00\x00\x00\x00\xff')
DEBUG:Response Message(type=<MessageType.DEVICE_INFO: b'A'>, data=b'\x00\x01\x00\x00\x00\x04\xff\x01\x03\x00\x00\x00\x00\xff\x00\x00\x00\x00\xff')
DEBUG:Request Message(type=<MessageType.DEVICE_INFO: b'A'>, data=b'\x00\x01\x00\x00\x00\x05\xff\x01\x03\x00\x00\x00\x00\xff\x00\x00\x00\x00\xff')
DEBUG:Response Message(type=<MessageType.DEVICE_INFO: b'A'>, data=b'\x00\x01\x00\x00\x00\x05\xff\x01\x03\x00\x00\x00\x00\xff\x00\x00\x00\x05\xff\x02\x01\x00\x00\x00\x00\xff\x03\x04\x00\x00\x00\x00\xffBarometer\x00\xff\x04\x01\x85\xde\xc3F\xff\x05\x03\x00\x00\x00\x00\xff\x00\x00\x00\x00\xff\x06\x03\x00\x00\x00\x00\xff\x00\x00\x00\x01\xff\x07\x03\x00\x00\x00\x00\xff\x00\x00\x00\xff\xff\x08\x03\x00\x00\x00\x00\xff\x00\x00\x00\x01\xff\t\x03\x00\x00\x00\x00\xffj\xe5\xc8]\xff')
DEBUG:Request Message(type=<MessageType.DEVICE_INFO: b'A'>, data=b'\x00\x01\x00\x00\x00\x06\xff\x01\x03\x00\x00\x00\x00\xff\x00\x00\x00\x00\xff')
DEBUG:Response Message(type=<MessageType.DEVICE_INFO: b'A'>, data=b'\x00\x01\x00\x00\x00\x06\xff\x01\x03\x00\x00\x00\x00\xff\x00\x00\x00\x01\xff\x02\x01\x00\x00\x00\x00\xff\x03\x04\x00\x00\x00\x00\xffPICO INTERNAL\x00\xff\x04\x01\x85\xde\xc3F\xff\x05\x01\x00\x00\x00\x01\xff\x06\x03\x00\x00\x00\x00\xff\x00\x00\x00\xff\xff\x07\x03\x00\x00\x00\x00\xffxfL\x81\xff')
DEBUG:Request Message(type=<MessageType.DEVICE_INFO: b'A'>, data=b'\x00\x01\x00\x00\x00\x07\xff\x01\x03\x00\x00\x00\x00\xff\x00\x00\x00\x00\xff')
DEBUG:Response Message(type=<MessageType.DEVICE_INFO: b'A'>, data=b'\x00\x01\x00\x00\x00\x07\xff\x01\x03\x00\x00\x00\x00\xff\x00\x00\x00\x00\xff')
DEBUG:Request Message(type=<MessageType.DEVICE_INFO: b'A'>, data=b'\x00\x01\x00\x00\x00\x08\xff\x01\x03\x00\x00\x00\x00\xff\x00\x00\x00\x00\xff')
DEBUG:Response Message(type=<MessageType.DEVICE_INFO: b'A'>, data=b'\x00\x01\x00\x00\x00\x08\xff\x01\x03\x00\x00\x00\x00\xff\x00\x00\x00\x00\xff')
DEBUG:Request Message(type=<MessageType.DEVICE_INFO: b'A'>, data=b'\x00\x01\x00\x00\x00\t\xff\x01\x03\x00\x00\x00\x00\xff\x00\x00\x00\x00\xff')
DEBUG:Response Message(type=<MessageType.DEVICE_INFO: b'A'>, data=b'\x00\x01\x00\x00\x00\t\xff\x01\x03\x00\x00\x00\x00\xff\x00\x00\x00\x00\xff')
DEBUG:Request Message(type=<MessageType.DEVICE_INFO: b'A'>, data=b'\x00\x01\x00\x00\x00\n\xff\x01\x03\x00\x00\x00\x00\xff\x00\x00\x00\x00\xff')
DEBUG:Response Message(type=<MessageType.DEVICE_INFO: b'A'>, data=b'\x00\x01\x00\x00\x00\n\xff\x01\x03d9\xb5\xea\xff\x00\x00\x00\x01\xff\x02\x01\x00\x00\x00\x00\xff\x03\x04d9\xb5\xea\xffST107 [5596] 1\x00\xff\x04\x01\x08V-\xfc\xff\x05\x01\x00\x00\x00\x01\xff\x06\x03d9\xb5\xea\xff\x00\x00\x00\x1a\xff\x07\x03\x00\x00\x00\x00\xff\\ R\x0b\xff')
DEBUG:Request Message(type=<MessageType.DEVICE_INFO: b'A'>, data=b'\x00\x01\x00\x00\x00\x0b\xff\x01\x03\x00\x00\x00\x00\xff\x00\x00\x00\x00\xff')
DEBUG:Response Message(type=<MessageType.DEVICE_INFO: b'A'>, data=b'\x00\x01\x00\x00\x00\x0b\xff\x01\x03d9\xb5\xea\xff\x00\x00\x00\x01\xff\x02\x01\x00\x00\x00\x00\xff\x03\x04d9\xb5\xea\xffST107 [5596] 2\x00\xff\x04\x01\x08V-\xfc\xff\x05\x01\x00\x00\x00\x02\xff\x06\x03d9\xb5\xea\xff\x00\x00\x00\x1c\xff\x07\x03\x00\x00\x00\x00\xffS.\xe4]\xff')
DEBUG:Request Message(type=<MessageType.DEVICE_INFO: b'A'>, data=b'\x00\x01\x00\x00\x00\x0c\xff\x01\x03\x00\x00\x00\x00\xff\x00\x00\x00\x00\xff')
DEBUG:Response Message(type=<MessageType.DEVICE_INFO: b'A'>, data=b'\x00\x01\x00\x00\x00\x0c\xff\x01\x03d9\xb5\xea\xff\x00\x00\x00\x01\xff\x02\x01\x00\x00\x00\x00\xff\x03\x04d9\xb5\xea\xffST107 [5596] 3\x00\xff\x04\x01\x08V-\xfc\xff\x05\x01\x00\x00\x00\x03\xff\x06\x03d9\xb5\xea\xff\x00\x00\x00\xff\xff\x07\x03\x00\x00\x00\x00\xffW\x1e\xe8\x91\xff')
DEBUG:Request Message(type=<MessageType.DEVICE_INFO: b'A'>, data=b'\x00\x01\x00\x00\x00\r\xff\x01\x03\x00\x00\x00\x00\xff\x00\x00\x00\x00\xff')
DEBUG:Response Message(type=<MessageType.DEVICE_INFO: b'A'>, data=b'\x00\x01\x00\x00\x00\r\xff\x01\x03d9\xb5\xea\xff\x00\x00\x00\x06\xff\x02\x01\x00\x00\x00\x00\xff\x03\x04d9\xb5\xea\xffST107 [5596] 1\x00\xff\x04\x01\x08V-\xfc\xff\x05\x01\x00\x00\x00\x01\xff\x06\x03d9\xb5\xea\xff\x00\x00\x00\x00\xff\x07\x03d9\xb5\xea\xff\x00\x00\x00\x1d\xff\x08\x03\x00\x00\x00\x00\xff9\xd8h\x8f\xff')
DEBUG:Request Message(type=<MessageType.DEVICE_INFO: b'A'>, data=b'\x00\x01\x00\x00\x00\x0e\xff\x01\x03\x00\x00\x00\x00\xff\x00\x00\x00\x00\xff')
DEBUG:Response Message(type=<MessageType.DEVICE_INFO: b'A'>, data=b'\x00\x01\x00\x00\x00\x0e\xff\x01\x03d9\xb5\xea\xff\x00\x00\x00\x06\xff\x02\x01\x00\x00\x00\x00\xff\x03\x04d9\xb5\xea\xffST107 [5596] 2\x00\xff\x04\x01\x08V-\xfc\xff\x05\x01\x00\x00\x00\x02\xff\x06\x03d9\xb5\xea\xff\x00\x00\x00\x00\xff\x07\x03d9\xb5\xea\xff\x00\x00\x00\x1e\xff\x08\x03\x00\x00\x00\x00\xff\xdc\xc7\x9fN\xff')
DEBUG:Request Message(type=<MessageType.DEVICE_INFO: b'A'>, data=b'\x00\x01\x00\x00\x00\x0f\xff\x01\x03\x00\x00\x00\x00\xff\x00\x00\x00\x00\xff')
DEBUG:Response Message(type=<MessageType.DEVICE_INFO: b'A'>, data=b'\x00\x01\x00\x00\x00\x0f\xff\x01\x03d9\xb5\xea\xff\x00\x00\x00\x06\xff\x02\x01\x00\x00\x00\x00\xff\x03\x04d9\xb5\xea\xffST107 [5596] 3\x00\xff\x04\x01\x08V-\xfc\xff\x05\x01\x00\x00\x00\x03\xff\x06\x03d9\xb5\xea\xff\x00\x00\x00\x00\xff\x07\x03d9\xb5\xea\xff\x00\x00\x00\x1f\xff\x08\x03\x00\x00\x00\x00\xff\x9d[\x04o\xff')
DEBUG:Request Message(type=<MessageType.DEVICE_INFO: b'A'>, data=b'\x00\x01\x00\x00\x00\x10\xff\x01\x03\x00\x00\x00\x00\xff\x00\x00\x00\x00\xff')
DEBUG:Response Message(type=<MessageType.DEVICE_INFO: b'A'>, data=b'\x00\x01\x00\x00\x00\x10\xff\x01\x03d9\xb5\xea\xff\x00\x00\x00\x06\xff\x02\x01\x00\x00\x00\x00\xff\x03\x04d9\xb5\xea\xffST107 [5596] 4\x00\xff\x04\x01\x08V-\xfc\xff\x05\x01\x00\x00\x00\x04\xff\x06\x03d9\xb5\xea\xff\x00\x00\x00\x00\xff\x07\x03d9\xb5\xea\xff\x00\x00\x00\xff\xff\x08\x03\x00\x00\x00\x00\xff\xf4\xd1\x7fJ\xff')
DEBUG:Request Message(type=<MessageType.DEVICE_INFO: b'A'>, data=b'\x00\x01\x00\x00\x00\x11\xff\x01\x03\x00\x00\x00\x00\xff\x00\x00\x00\x00\xff')
DEBUG:Response Message(type=<MessageType.DEVICE_INFO: b'A'>, data=b'\x00\x01\x00\x00\x00\x11\xff\x01\x03d9\xb5\xea\xff\x00\x00\x00\x0e\xff\x02\x01\x00\x00\x00\x00\xff\x03\x04d9\xb5\xea\xffST107 [5596]\x00\xff\x04\x01\x08V-\xfc\xff\x05\x01\x00\x00\x00\x01\xff\x06\x03d9\xb5\xea\xff\x00\x00\x00\xff\xff\x07\x03\x00\x00\x00\x00\xffI\xa6\x97\xa3\xff')
DEBUG:Request Message(type=<MessageType.DEVICE_INFO: b'A'>, data=b'\x00\x01\x00\x00\x00\x12\xff\x01\x03\x00\x00\x00\x00\xff\x00\x00\x00\x00\xff')
DEBUG:Response Message(type=<MessageType.DEVICE_INFO: b'A'>, data=b'\x00\x01\x00\x00\x00\x12\xff\x01\x03dr9\xbd\xff\x00\x00\x00\x02\xff\x02\x01\x00\x00\x00\x00\xff\x03\x04dr9\xbd\xffSC303 [5499]\x00\xff\x04\x01*\x1b\xce\xdb\xff\x05\x01\x00\x00\x00\x01\xff\x06\x03dr9\xbd\xff\x00\x00\x00d\xff\x07\x03dr9\xbd\xff\x00\x00\x00\x02\xff\x08\x03dr9\xbd\xff\x00\x00\x00\x01\xff\t\x03dr9\xbd\xff\x00\x00\x00\x01\xff\n\x03dr>w\xff\x00\x00\x00\x18\xff\x0b\x03dr9\xbd\xff\x00\x00\x00\x01\xff\x0c\x03\x00\x00\x00\x00\xff\xaf\xa3u+\xff\r\x03dr9\xbd\xff\x00\x00\x00\x7f\xff\x0e\x03dr9\xbd\xff\x00\x00\x00\x02\xff')
DEBUG:Request Message(type=<MessageType.DEVICE_INFO: b'A'>, data=b'\x00\x01\x00\x00\x00\x13\xff\x01\x03\x00\x00\x00\x00\xff\x00\x00\x00\x00\xff')
DEBUG:Response Message(type=<MessageType.DEVICE_INFO: b'A'>, data=b'\x00\x01\x00\x00\x00\x13\xff\x01\x03dr9\xbd\xff\x00\x00\x00\x01\xff\x02\x01\x00\x00\x00\x00\xff\x03\x04dr9\xbd\xffSC303 [5499] 1\x00\xff\x04\x01*\x1b\xce\xdb\xff\x05\x01\x00\x00\x00\x01\xff\x06\x03dr>w\xff\x00\x00\x00\x18\xff\x07\x03\x00\x00\x00\x00\xff\xe3m\xa2\xc2\xff')
DEBUG:Request Message(type=<MessageType.DEVICE_INFO: b'A'>, data=b'\x00\x01\x00\x00\x00\x14\xff\x01\x03\x00\x00\x00\x00\xff\x00\x00\x00\x00\xff')
DEBUG:Response Message(type=<MessageType.DEVICE_INFO: b'A'>, data=b"\x00\x01\x00\x00\x00\x14\xff\x01\x03dr9\xbd\xff\x00\x00\x00\x01\xff\x02\x01\x00\x00\x00\x00\xff\x03\x04dr9\xbd\xffSC303 [5499] 2\x00\xff\x04\x01*\x1b\xce\xdb\xff\x05\x01\x00\x00\x00\x02\xff\x06\x03dwz\xd0\xff\x00\x00\x00\x1b\xff\x07\x03\x00\x00\x00\x00\xff\x92\xcd'\x18\xff")
DEBUG:Request Message(type=<MessageType.DEVICE_INFO: b'A'>, data=b'\x00\x01\x00\x00\x00\x15\xff\x01\x03\x00\x00\x00\x00\xff\x00\x00\x00\x00\xff')
DEBUG:Response Message(type=<MessageType.DEVICE_INFO: b'A'>, data=b'\x00\x01\x00\x00\x00\x15\xff\x01\x03dr9\xbd\xff\x00\x00\x00\x06\xff\x02\x01\x00\x00\x00\x00\xff\x03\x04dr9\xbd\xffSC303 [5499] 1\x00\xff\x04\x01*\x1b\xce\xdb\xff\x05\x01\x00\x00\x00\x01\xff\x06\x03dr9\xbd\xff\x00\x00\x00\x00\xff\x07\x03dr9\xbd\xff\x00\x00\x00\xff\xff\x08\x03\x00\x00\x00\x00\xff\x19T]P\xff')
DEBUG:Request Message(type=<MessageType.DEVICE_INFO: b'A'>, data=b'\x00\x01\x00\x00\x00\x16\xff\x01\x03\x00\x00\x00\x00\xff\x00\x00\x00\x00\xff')
DEBUG:Response Message(type=<MessageType.DEVICE_INFO: b'A'>, data=b'\x00\x01\x00\x00\x00\x16\xff\x01\x03dr9\xbd\xff\x00\x00\x00\x06\xff\x02\x01\x00\x00\x00\x00\xff\x03\x04dr9\xbd\xffSC303 [5499] 2\x00\xff\x04\x01*\x1b\xce\xdb\xff\x05\x01\x00\x00\x00\x02\xff\x06\x03dr9\xbd\xff\x00\x00\x00\x00\xff\x07\x03dr9\xbd\xff\x00\x00\x00\xff\xff\x08\x03\x00\x00\x00\x00\xffM\x19B\xef\xff')
DEBUG:Request Message(type=<MessageType.DEVICE_INFO: b'A'>, data=b'\x00\x01\x00\x00\x00\x17\xff\x01\x03\x00\x00\x00\x00\xff\x00\x00\x00\x00\xff')
DEBUG:Response Message(type=<MessageType.DEVICE_INFO: b'A'>, data=b'\x00\x01\x00\x00\x00\x17\xff\x01\x03dr9\xbd\xff\x00\x00\x00\x06\xff\x02\x01\x00\x00\x00\x00\xff\x03\x04dr9\xbd\xffSC303 [5499] 3\x00\xff\x04\x01*\x1b\xce\xdb\xff\x05\x01\x00\x00\x00\x03\xff\x06\x03dr9\xbd\xff\x00\x00\x00\x00\xff\x07\x03dr9\xbd\xff\x00\x00\x00\x19\xff\x08\x03\x00\x00\x00\x00\xff\x12~z8\xff')
DEBUG:Request Message(type=<MessageType.DEVICE_INFO: b'A'>, data=b'\x00\x01\x00\x00\x00\x18\xff\x01\x03\x00\x00\x00\x00\xff\x00\x00\x00\x00\xff')
DEBUG:Response Message(type=<MessageType.DEVICE_INFO: b'A'>, data=b'\x00\x01\x00\x00\x00\x18\xff\x01\x03dr>w\xff\x00\x00\x00\t\xff\x02\x01\x00\x00\x00\x00\xff\x03\x04dr>w\xffBulltron\x00\xff\x04\x03\x00\x00\x00\x00\xff\x00\x00\x00\x13\xff\x05\x03dr>w\xff\x00\x00u0\xff\x06\x03dr>w\xff\xff\xff\xfc\x18\xff\x07\x03dr>w\xff\xff\xff\xfc\x18\xff\x08\x03dr>w\xff\x00\x00\x00\x06\xff\t\x03dr>w\xff\x00\x00\x00}\xff\n\x03dwz\x8b\xff\x00\x00\x00\x19\xff\x0b\x03dr>w\xff\x00\x00\x00\xff\xff\x0c\x03\x00\x00\x00\x00\xffH"jR\xff\r\x03dr>w\xff\x00\x00\x00\x02\xff\x0e\x03dr>w\xff\x00\x00\x00\xc8\xff\x0f\x03dr>w\xff\x00\x00\x03\xe8\xff\x10\x03dr>w\xff\x00\x00\x00\x01\xff\x11\x03dr>w\xff\x00\x00\'\x10\xff\x12\x03dr>w\xff\x00\x00\x00\x01\xff\x13\x03dr>w\xff\x00\x00\x00s\xff\x14\x03dr>w\xff\x00\x00\x00\n\xff\x15\x03dr>w\xff\x00\x00\x01,\xff')
DEBUG:Request Message(type=<MessageType.DEVICE_INFO: b'A'>, data=b'\x00\x01\x00\x00\x00\x19\xff\x01\x03\x00\x00\x00\x00\xff\x00\x00\x00\x00\xff')
DEBUG:Response Message(type=<MessageType.DEVICE_INFO: b'A'>, data=b'\x00\x01\x00\x00\x00\x19\xff\x01\x03dr?j\xff\x00\x00\x00\x03\xff\x02\x01\x00\x00\x00\x00\xff\x03\x04d{?d\xffBatterie\x00\xff\x04\x01\x00\x00\x00\x00\xff\x05\x01\x00\x00\x00\x00\xff\x06\x03dr?~\xff\x00\x00\x00\x01\xff\x07\x03dr?j\xff\x00\x00\x00\x00\xff\x08\x03dr?j\xff\x00\x00\x00\xff\xff\t\x03dr?j\xff\x00\x00\x00\x01\xff\n\x03dr?j\xff\x00\x00\x00\x00\xff\x0b\x03dr?j\xff\x00\x00\x00\x00\xff\x0c\x03\x00\x00\x00\x00\xffK\xeb\xdc\xb2\xff\r\x03dr?j\xff\x00\x00\x00\x01\xff\x0e\x03dr?j\xff\x00\x00\x00\x00\xff')
DEBUG:Request Message(type=<MessageType.DEVICE_INFO: b'A'>, data=b'\x00\x01\x00\x00\x00\x1a\xff\x01\x03\x00\x00\x00\x00\xff\x00\x00\x00\x00\xff')
DEBUG:Response Message(type=<MessageType.DEVICE_INFO: b'A'>, data=b'\x00\x01\x00\x00\x00\x1a\xff\x01\x03ds\\\t\xff\x00\x00\x00\x08\xff\x02\x01\x00\x00\x00\x00\xff\x03\x04ds\\\t\xffFrischwasser\x00\xff\x04\x016\xe8Pm\xff\x05\x01\x00\x00\x00\x00\xff\x06\x03ds\\\t\xff\x00\x00\x00\x01\xff\x07\x03ds\\\t\xff\x00\x00\x03\xe8\xff\x08\x03ds\\\t\xff\x00\x00\x00\x02\xff\t\x03d\x81\xac\x12\xff\x00\x00\x00!\xff\n\x03d\x81\xac\x12\xff\x00d\x02\n\xff\x0b\x03d\x81\xac\x12\xff\x00\xc8\x036\xff\x0c\x03d\x81\xaf\n\xff\x01,\x03\x84\xff\r\x03d\x81\xaf\n\xff\x01\x90\x03\xf4\xff\x0e\x03d\x81\xaf\n\xff\x01\xf4\x04B\xff\x0f\x03d\x81\xaf\n\xff\x02X\x04\x88\xff\x10\x03d\x81\xaf\n\xff\x02\xbc\x04\xe3\xff\x11\x03d\x81\xafC\xff\x03R\x05G\xff\x12\x03d\x81\xaf\xce\xff\x03\xe8\x05\xae\xff\x13\x03ds\\\t\xff\x7f\xff\xff\xff\xff\x14\x03ds\\\t\xff\x00\x00\x00\xff\xff\x15\x03ds\\\t\xff\x00\x00\x00\x01\xff\x16\x03\x00\x00\x00\x00\xffm\xfe\xe7\xb0\xff\x17\x03ds\\\t\xff\x00\x00\x00\x01\xff')
DEBUG:Request Message(type=<MessageType.DEVICE_INFO: b'A'>, data=b'\x00\x01\x00\x00\x00\x1b\xff\x01\x03\x00\x00\x00\x00\xff\x00\x00\x00\x00\xff')
DEBUG:Response Message(type=<MessageType.DEVICE_INFO: b'A'>, data=b'\x00\x01\x00\x00\x00\x1b\xff\x01\x03dwz\xd0\xff\x00\x00\x00\t\xff\x02\x01\x00\x00\x00\x00\xff\x03\x04dwz\xd0\xffStarterbatterie\x00\xff\x04\x03\x00\x00\x00\x00\xff\x00\x00\x00\x14\xff\x05\x03dwz\xd0\xff\x00\x00\'\x10\xff\x06\x03dwz\xd0\xff\xff\xff\xfc\x18\xff\x07\x03dwz\xd0\xff\xff\xff\xfc\x18\xff\x08\x03dwz\xd0\xff\x00\x00\x00\x03\xff\t\x03dwz\xd0\xff\x00\x00\x00}\xff\n\x03\x00\x00\x00\x00\xff\x00\x00\x00\xff\xff\x0b\x03dwz\xd0\xff\x00\x00\x00\xff\xff\x0c\x03\x00\x00\x00\x00\xff"\x94\x91\xfb\xff\r\x03dwz\xd0\xff\x00\x00\x00\x02\xff\x0e\x03dwz\xd0\xff\x00\x00\x00\xc8\xff\x0f\x03dwz\xd0\xff\x00\x00\x03\xe8\xff\x10\x03dwz\xd0\xff\x00\x00\x00\x01\xff\x11\x03dwz\xd0\xff\x00\x00\'\x10\xff\x12\x03dwz\xd0\xff\x00\x00\x00\x01\xff\x13\x03dwz\xd0\xff\x00\x00\x00s\xff\x14\x03dwz\xd0\xff\x00\x00\x00\n\xff\x15\x03dwz\xd0\xff\x00\x00\x01,\xff')
DEBUG:Request Message(type=<MessageType.DEVICE_INFO: b'A'>, data=b'\x00\x01\x00\x00\x00\x1c\xff\x01\x03\x00\x00\x00\x00\xff\x00\x00\x00\x00\xff')
DEBUG:Response Message(type=<MessageType.DEVICE_INFO: b'A'>, data=b'\x00\x01\x00\x00\x00\x1c\xff\x01\x03dxm\x87\xff\x00\x00\x00\x08\xff\x02\x01\x00\x00\x00\x00\xff\x03\x04dxm\x87\xffAbwasser\x00\xff\x04\x01F*\xcd}\xff\x05\x01\x00\x00\x00\x00\xff\x06\x03dxm\x87\xff\x00\x00\x00\x03\xff\x07\x03d\x81\xc1\x07\xff\x00\x00\x02\xbc\xff\x08\x03dxm\x87\xff\x00\x00\x00\x02\xff\t\x03d\x81\xb2\x9c\xff\x00F\x00[\xff\n\x03d\x81\xb3p\xff\x00\x8c\x00\xd4\xff\x0b\x03d\x81\xbc;\xff\x00\xd2\x01\x85\xff\x0c\x03d\x81\xbc\xf7\xff\x01\x18\x02/\xff\r\x03d\x81\xbd\xbe\xff\x01^\x02\xce\xff\x0e\x03d\x81\xbef\xff\x01\xa4\x03{\xff\x0f\x03d\x81\xbe\xfd\xff\x01\xea\x04\x01\xff\x10\x03d\x81\xbf\x9f\xff\x020\x04\xc5\xff\x11\x03d\x81\xc0Z\xff\x02v\x06/\xff\x12\x03d\x81\xc1\x01\xff\x02\xbc\x07\x8b\xff\x13\x03dxm\x87\xff\x7f\xff\xff\xff\xff\x14\x03dxm\x87\xff\x00\x00\x00\xff\xff\x15\x03dxm\x87\xff\x00\x00\x00\x01\xff\x16\x03\x00\x00\x00\x00\xff\x11\x19P@\xff\x17\x03dxm\x87\xff\x00\x00\x00\x01\xff')
DEBUG:Request Message(type=<MessageType.DEVICE_INFO: b'A'>, data=b'\x00\x01\x00\x00\x00\x1d\xff\x01\x03\x00\x00\x00\x00\xff\x00\x00\x00\x00\xff')
DEBUG:Response Message(type=<MessageType.DEVICE_INFO: b'A'>, data=b'\x00\x01\x00\x00\x00\x1d\xff\x01\x03dy\xd9\xc7\xff\x00\x00\x00\x03\xff\x02\x01\x00\x00\x00\x00\xff\x03\x04dy\xe1\xb2\xffInnen\x00\xff\x04\x01\x00\x00\x00\x00\xff\x05\x01\x00\x00\x00\x00\xff\x06\x03dy\xd9\xc7\xff\x00\x00\x00\x01\xff\x07\x03dy\xd9\xc7\xff\x00\x00\x00\x00\xff\x08\x03dy\xd9\xc7\xff\x00\x00\x00\xff\xff\t\x03dy\xd9\xc7\xff\x00\x00\x00\x01\xff\n\x03dy\xd9\xc7\xff\x00\x00\x00\x00\xff\x0b\x03dy\xd9\xc7\xff\x00\x00\x00\x00\xff\x0c\x03\x00\x00\x00\x00\xff9\xf3\xee\xbc\xff\r\x03dy\xd9\xc7\xff\x00\x00\x00\x03\xff\x0e\x03dy\xd9\xc7\xff\x00\x00\x00\x00\xff')
DEBUG:Request Message(type=<MessageType.DEVICE_INFO: b'A'>, data=b'\x00\x01\x00\x00\x00\x1e\xff\x01\x03\x00\x00\x00\x00\xff\x00\x00\x00\x00\xff')
DEBUG:Response Message(type=<MessageType.DEVICE_INFO: b'A'>, data=b'\x00\x01\x00\x00\x00\x1e\xff\x01\x03dy\xe1\xc6\xff\x00\x00\x00\x03\xff\x02\x01\x00\x00\x00\x00\xff\x03\x04dy\xe1\xc6\xffAu\xa3en \x00\xff\x04\x01\x00\x00\x00\x00\xff\x05\x01\x00\x00\x00\x00\xff\x06\x03dy\xe1\xc6\xff\x00\x00\x00\x01\xff\x07\x03dy\xe1\xc6\xff\x00\x00\x00\x00\xff\x08\x03dy\xe1\xc6\xff\x00\x00\x00\xff\xff\t\x03dy\xe1\xc6\xff\x00\x00\x00\x01\xff\n\x03dy\xe1\xc6\xff\x00\x00\x00\x00\xff\x0b\x03dy\xe1\xc6\xff\x00\x00\x00\x00\xff\x0c\x03\x00\x00\x00\x00\xff@\xcd\xf9\xee\xff\r\x03dy\xe1\xc6\xff\x00\x00\x00\x02\xff\x0e\x03dy\xe1\xc6\xff\x00\x00\x00\x00\xff')
DEBUG:Request Message(type=<MessageType.DEVICE_INFO: b'A'>, data=b'\x00\x01\x00\x00\x00\x1f\xff\x01\x03\x00\x00\x00\x00\xff\x00\x00\x00\x00\xff')
DEBUG:Response Message(type=<MessageType.DEVICE_INFO: b'A'>, data=b'\x00\x01\x00\x00\x00\x1f\xff\x01\x03dz\xf8\xbf\xff\x00\x00\x00\x03\xff\x02\x01\x00\x00\x00\x00\xff\x03\x04dz\xf8\xbf\xffBoiler\x00\xff\x04\x01\x00\x00\x00\x00\xff\x05\x01\x00\x00\x00\x00\xff\x06\x03dz\xf8\xbf\xff\x00\x00\x00\x01\xff\x07\x03dz\xf8\xbf\xff\x00\x00\x00\x00\xff\x08\x03dz\xf8\xbf\xff\x00\x00\x00\xff\xff\t\x03dz\xf8\xbf\xff\x00\x00\x00\x01\xff\n\x03dz\xf8\xbf\xff\x00\x00\x00\x00\xff\x0b\x03dz\xf8\xbf\xff\x00\x00\x00\x00\xff\x0c\x03\x00\x00\x00\x00\xffvm\xe3~\xff\r\x03dz\xf8\xbf\xff\x00\x00\x00\x07\xff\x0e\x03dz\xf8\xbf\xff\x00\x00\x00\x00\xff')
DEBUG:Waiting for UDP broadcast message
DEBUG:UDP broadcast message received
DEBUG:Received Message(type=<MessageType.SENSOR_STATE: b'\xb0'>, data=b'\x00\x01eF\x86\xea\xff\x01\x01eF\xa2\xdf\xff\x02\x01\xff\xff\xfc\x16\xff\x03\x01\x00\x01~\xbf\xff\x04\x01\xff\xff\xff\xb9\xff\x05\x01\x00\x003\xcc\xff\t\x01e\x1a[\xd6\xff\n\x01\xff\xff\xfc\x16\xff\x0b\x01\x00\x00\x00\x00\xff\x0c\x01\x00\x00\x00#\xff\r\x01\x00\x00\x00\x00\xff\x0e\x01\x00\x00J\xb1\xff\x0f\x01\x00\x00Pw\xff\x10\x01\x00\x00\x15g\xff\x11\x01\x00\x00\xff\xff\xff\x12\x01?\xce\x97$\xff\x13\x01\xff\xff\xff\x85\xff\x14\x01\x00\x03\xd8\xa8\xff\x15\x01\x00\x004\x02\xff\x16\x01\x00\x00/\xe4\xff\x17\x01\x00\x00\xff\xff\xff\x18\x01\x00\x00\xff\xff\xff\x19\x01\x00\x00L\xc3\xff\x1a\x016\xf0g\x02\xff\x1b\x01\xff\xff\xff\x85\xff\x1c\x01\x00\x004\x02\xff\x1d\x01\x7f\xff\xff\xff\xff\x1e\x01\xff\xf6q\xae\xff\x1f\x01\x00\x00\x00e\xff \x01\x00\x00\x00\x00\xff!\x01\x1dP\x1f\x18\xff"\x01\x7f\xff\xff\xff\xff#\x01\x00\x00/\xe4\xff$\x01\x7f\xff\xff\xff\xff%\x01\x7f\xff\xff\xff\xff&\x01\x004\x00%\xff\'\x01\x00\x00\x00k\xff(\x01\x00\x00\x00[\xff)\x01\x00\x00\x01\x8a\xff')
INFO:Disconnecting from Simarine device...
