
                 .           .           *             *
                                                    тЦТ           ..
       *      .     тЦТ     ..      *       тЦТ        тЦТтЦСтЦТ     * 
                   тЦТтЦСтЦТ                 .           тЦТтЦСтЦСтЦТ    .  .      ..
 *    .      тЦТ    тЦТтЦСтЦСтЦСтЦТ       тЦТ                тЦТ    тЦТтЦСтЦСтЦТ
   +        тЦТ  тЦТ   тЦТтЦСтЦСтЦСтЦСтЦТ           .   ..  тЦТ          тЦТтЦСтЦСтЦТ           *     +
        .         тЦТтЦС тЦСтЦСтЦТ  тЦТ              тЦТтЦСтЦТ     *   тЦТтЦСтЦСтЦСтЦТ    тЦТ
    *         тЦТ  тЦТтЦСтЦСтЦСтЦСтЦСтЦСтЦТтЦТтЦСтЦТ    *      тЦТтЦТтЦСтЦСтЦТ   тЦТ     тЦТтЦСтЦСтЦСтЦСтЦТ  тЦТ        ..      .
 .        тЦТ      тЦТтЦСтЦС  тЦСтЦСтЦСтЦС тЦТ          тЦТтЦСтЦСтЦСтЦТ   тЦТтЦСтЦТтЦТ  тЦТтЦСтЦС тЦСтЦСтЦСтЦТтЦТтЦТтЦТ
    .   тЦТтЦТ  тЦТ  тЦТтЦСтЦСтЦСтЦСтЦСтЦСтЦСтЦСтЦСтЦСтЦСтЦТ    ..  тЦТтЦС тЦСтЦТ   тЦТтЦСтЦСтЦСтЦСтЦТ тЦТтЦСтЦСтЦСтЦСтЦСтЦСтЦСтЦСтЦС тЦТтЦТ  *         +
       тЦТтЦТтЦСтЦСтЦТ    тЦТтЦСтЦСтЦСтЦС тЦСтЦТтЦСтЦСтЦСтЦСтЦТ       тЦТтЦСтЦСтЦСтЦСтЦСтЦТ тЦТтЦСтЦС тЦСтЦСтЦСтЦТтЦСтЦСтЦСтЦСтЦСтЦТтЦСтЦСтЦСтЦСтЦТтЦТтЦТ      *
 *     тЦТтЦТтЦСтЦСтЦСтЦСтЦТ  тЦТтЦСтЦСтЦСтЦСтЦСтЦСтЦСтЦСтЦСтЦСтЦСтЦСтЦСтЦТ  .   тЦТтЦСтЦСтЦСтЦСтЦСтЦСтЦТтЦСтЦСтЦСтЦСтЦСтЦСтЦСтЦСтЦСтЦСтЦС  тЦСтЦСтЦСтЦСтЦСтЦСтЦСтЦСтЦТтЦТ       +
      тЦТтЦСтЦСтЦСтЦСтЦСтЦСтЦСтЦТтЦСтЦСтЦС  тЦСтЦСтЦСтЦСтЦСтЦСтЦСтЦСтЦСтЦСтЦСтЦТ тЦТ тЦТтЦС тЦСтЦСтЦСтЦСтЦСтЦСтЦС  тЦСтЦСтЦСтЦСтЦТтЦСтЦСтЦС тЦСтЦСтЦСтЦСтЦСтЦСтЦС тЦСтЦТ   
    *тЦТтЦСтЦСтЦСтЦС тЦСтЦСтЦСтЦСтЦСтЦСтЦСтЦСтЦСтЦСтЦТтЦСтЦСтЦСтЦСтЦС тЦСтЦСтЦСтЦСтЦТтЦСтЦТтЦСтЦСтЦСтЦСтЦСтЦСтЦСтЦТтЦСтЦСтЦС тЦСтЦСтЦСтЦСтЦСтЦСтЦС  тЦСтЦСтЦСтЦТтЦСтЦСтЦСтЦСтЦСтЦТ    тЦТ
 .  тЦТтЦС тЦСтЦСтЦСтЦСтЦСтЦСтЦСтЦСтЦСтЦСтЦС тЦСтЦСтЦСтЦСтЦСтЦСтЦСтЦСтЦСтЦСтЦСтЦСтЦСтЦСтЦСтЦСтЦСтЦСтЦС тЦСтЦСтЦСтЦСтЦСтЦСтЦСтЦСтЦСтЦС тЦСтЦСтЦСтЦСтЦСтЦСтЦСтЦСтЦСтЦСтЦСтЦСтЦСтЦСтЦСтЦСтЦСтЦТ  .тЦСтЦТ  .   +  
    тЦТтЦСтЦСтЦИтЦИтЦИтЦИтЦИтЦИтЦИтХЧтЦИтЦИтХЧтЦИтЦИтЦИтЦИтЦИтЦИтХЧтЦСтЦИтЦИтЦИтЦИтЦИтЦИтЦИтХЧтЦСтЦИтЦИтЦИтЦИтЦИтХЧтЦСтЦСтЦИтЦИтЦИтЦИтЦИтХЧтЦСтЦИтЦИтЦИтЦИтЦИтЦИтХЧтЦСтЦИтЦИтЦИтЦИтЦИтЦИтЦИтХЧтЦСтЦСтЦСтЦСтЦСтЦТ
   тЦТ тЦСтЦСтЦИтЦИтХФтХРтХРтХРтХРтХЭтЦИтЦИтХСтЦИтЦИтХФтХРтХРтЦИтЦИтХЧтЦИтЦИтХФтХРтХРтХРтХРтХЭтЦИтЦИтХФтХРтХРтЦИтЦИтХЧтЦИтЦИтХФтХРтХРтЦИтЦИтХЧтЦИтЦИтХФтХРтХРтЦИтЦИтХЧтЦИтЦИтХФтХРтХРтХРтХРтХЭтЦСтЦСтЦСтЦСтЦТ      +
тЦТ  тЦТтЦСтЦСтЦСтЦИтЦИтЦИтЦИтЦИтХЧтЦСтЦСтЦИтЦИтХСтЦИтЦИтЦИтЦИтЦИтЦИтХФтХЭтЦИтЦИтЦИтЦИтЦИтХЧтЦСтЦСтЦИтЦИтХСтЦСтЦСтХЪтХРтХЭтЦИтЦИтХСтЦСтЦСтЦИтЦИтХСтЦИтЦИтХСтЦСтЦСтЦИтЦИтХСтЦИтЦИтЦИтЦИтЦИтХЧтЦСтЦСтЦСтЦСтЦСтЦТ     *
   тЦТтЦС тЦСтЦИтЦИтХФтХРтХРтХЭтЦСтЦСтЦИтЦИтХСтЦИтЦИтХФтХРтХРтЦИтЦИтХЧтЦИтЦИтХФтХРтХРтХЭтЦСтЦСтЦИтЦИтХСтЦСтЦСтЦИтЦИтХЧтЦИтЦИтХСтЦСтЦСтЦИтЦИтХСтЦИтЦИтХСтЦСтЦСтЦИтЦИтХСтЦИтЦИтХФтХРтХРтХЭтЦСтЦСтЦСтЦСтЦТ
   тЦТтЦСтЦСтЦСтЦИтЦИтХСтЦСтЦСтЦСтЦСтЦСтЦИтЦИтХСтЦИтЦИтХСтЦСтЦСтЦИтЦИтХСтЦИтЦИтЦИтЦИтЦИтЦИтЦИтХЧтХЪтЦИтЦИтЦИтЦИтЦИтХФтХЭтХЪтЦИтЦИтЦИтЦИтЦИтХФтХЭтЦИтЦИтЦИтЦИтЦИтЦИтХФтХЭтЦИтЦИтЦИтЦИтЦИтЦИтЦИтХЧтЦСтЦСтЦСтЦТ
.  тЦТтЦСтЦСтЦСтХЪтХРтХЭтЦСтЦС тЦСтЦСтХЪтХРтХЭтХЪтХРтХЭтЦСтЦСтХЪтХРтХЭтХЪтХРтХРтХРтХРтХРтХРтХЭтЦСтХЪтХРтХРтХРтХРтХЭтЦСтЦСтХЪтХРтХРтХРтХРтХЭтЦСтХЪтХРтХРтХРтХРтХРтХЭтЦСтХЪтХРтХРтХРтХРтХРтХРтХЭтЦСтЦСтЦСтЦТ * тЦТ  ..  
    тЦТ тЦСтЦСтЦСтЦСтЦСтЦС тЦСтЦСтЦСтЦСтЦСтЦСтЦСтЦСтЦСтЦСтЦСтЦСтЦСтЦСтЦСтЦСтЦСтЦСтЦСтЦСтЦСтЦСтЦСтЦСтЦСтЦСтЦСтЦСтЦСтЦСтЦСтЦСтЦСтЦСтЦСтЦСтЦСтЦСтЦСтЦС тЦСтЦСтЦСтЦСтЦСтЦСтЦСтЦСтЦСтЦСтЦСтЦСтЦСтЦСтЦТ  .тЦТтЦСтЦТ   .  
  тЦТ тЦТтЦСтЦСтЦСтЦСтЦС тЦСтЦСтЦТтЦСтЦСтЦС Filtering Refiner and Embedder for тЦСтЦСтЦС тЦСтЦСтЦТтЦСтЦС тЦСтЦСтЦСтЦСтЦСтЦСтЦСтЦТтЦСтЦСтЦТ                         
    тЦТтЦСтЦСтЦСтЦСтЦТтЦСтЦСтЦСтЦСтЦСтЦСтЦСтЦС Conformationally Dense Ensembles тЦСтЦС тЦСтЦСтЦСтЦСтЦСтЦСтЦС  тЦС тЦСтЦСтЦСтЦСтЦСтЦСтЦСтЦСтЦТ
     .тЦТтЦСтЦСтЦСтЦСтЦСтЦСтЦСтЦС тЦСтЦСтЦСтЦСтЦСтЦСтЦСтЦСтЦСтЦСтЦСтЦСтЦСтЦСтЦСтЦСтЦСтЦСтЦСтЦСтЦСтЦСтЦСтЦСтЦСтЦСтЦСтЦСтЦСтЦСтЦСтЦСтЦСтЦСтЦСтЦСтЦСтЦСтЦСтЦСтЦСтЦСтЦСтЦСтЦСтЦС тЦСтЦТтЦСтЦСтЦС тЦСтЦСтЦСтЦСтЦТ *  тЦТ
.      тЦТтЦСтЦСтЦСтЦТтЦСтХФтХРтХРтХРтХРтХРтХРтХРтХРтХРтХРтХРтХРтХРтХРтХРтХРтХРтХРтХРтХРтХРтХРтХРтХРтХРтХРтХРтХРтХРтХРтХРтХРтХРтХРтХРтХРтХРтХРтХРтХРтХРтХРтХРтХРтХРтХЧтЦСтЦСтЦС тЦСтЦСтЦС тЦСтЦСтЦСтЦСтЦТ    
         тЦТтЦС тЦСтХС                                             тХСтЦСтЦТтЦСтЦС тЦСтЦСтЦСтЦСтЦСтЦТ 
 +тЦТ    тЦТтЦСтЦСтЦСтЦСтЦСтХС        nicolo.tampellini@yale.edu           тХСтЦСтЦСтЦСтЦСтЦСтЦСтЦСтЦСтЦТ    тЦТ
        тЦТтЦСтЦСтЦСтЦСтХС                                             тХСтЦСтЦС тЦСтЦСтЦСтЦТ      
 ..  тЦТ  тЦТтЦСтЦТтЦСтЦСтХС    Version        ЁЯФе         1.0.0          тХСтЦСтЦТтЦСтЦСтЦС тЦСтЦСтЦСтЦТ    *      .               
   .  тЦТ тЦСтЦСтЦСтЦСтЦСтХС    User           ЁЯФе          root          тХСтЦСтЦСтЦСтЦСтЦСтЦСтЦСтЦСтЦТ  +             
       тЦТтЦСтЦС тЦТтЦСтХС    Current Time   ЁЯФе    Tue Dec 24 10:14    тХСтЦСтЦС тЦСтЦСтЦТ    тЦТ    +    ..                          
 .. тЦТ * тЦТтЦС тЦСтЦСтХС    Avail CPUs     ЁЯФе           12           тХСтЦСтЦСтЦСтЦСтЦСтЦСтЦСтЦТ           *
    .   тЦТтЦС тЦСтЦСтХС    Avail GPUs     ЁЯФе           0            тХС тЦСтЦСтЦСтЦСтЦТ    .     ..
      .тЦТтЦСтЦТтЦТтЦСтЦСтХС    Avail Memory   ЁЯФе         4.7 GB         тХСтЦСтЦСтЦТ              
  +  .. тЦТтЦСтЦС тЦСтХС                                             тХСтЦСтЦТ  .. .   
    .    тЦТ тЦСтЦСтХЪтХРтХРтХРтХРтХРтХРтХРтХРтХРтХРтХРтХРтХРтХРтХРтХРтХРтХРтХРтХРтХРтХРтХРтХРтХРтХРтХРтХРтХРтХРтХРтХРтХРтХРтХРтХРтХРтХРтХРтХРтХРтХРтХРтХРтХРтХЭтЦСтЦТ     +     
 .     *  тЦТтЦСтЦСтЦСтЦСтЦСтЦС  тЦСтЦСтЦТтЦСтЦСтЦСтЦСтЦСтЦТтЦТтЦСтЦСтЦСтЦТтЦТ тЦСтЦСтЦСтЦСтЦСтЦСтЦСтЦТтЦСтЦС тЦСтЦСтЦСтЦТтЦСтЦСтЦТтЦСтЦСтЦСтЦСтЦСтЦТтЦСтЦСтЦСтЦСтЦТ      .
     .      тЦТтЦСтЦСтЦТтЦСтЦТтЦСтЦСтЦС тЦСтЦСтЦСтЦТтЦСтЦСтЦТтЦС тЦСтЦСтЦСтЦСтЦСтЦСтЦТтЦСтЦС тЦСтЦСтЦСтЦСтЦСтЦСтЦТтЦТтЦТтЦС тЦСтЦСтЦТтЦСтЦСтЦСтЦСтЦСтЦСтЦТ .    
               тЦТтЦС тЦСтЦСтЦСтЦСтЦС тЦСтЦСтЦСтЦСтЦСтЦТтЦСтЦСтЦСтЦСтЦТтЦСтЦСтЦСтЦСтЦСтЦСтЦС тЦТтЦСтЦСтЦСтЦСтЦСтЦС   тЦСтЦСтЦСтЦСтЦТ
                    тЦСтЦСтЦСтЦС   тЦСтЦСтЦС  тЦС      тЦСтЦС     тЦС тЦС     тЦСтЦС
               
               
ERROR:root:[Errno 2] No such file or directory: '/home/Coding/FIRECODE/firecode/input.txt'
Traceback (most recent call last):
  File "/home/Coding/FIRECODE/firecode/embedder.py", line 130, in __init__
    inp = self._parse_input(filename)
  File "/home/Coding/FIRECODE/firecode/embedder.py", line 320, in _parse_input
    with open(filename, 'r') as f:
FileNotFoundError: [Errno 2] No such file or directory: '/home/Coding/FIRECODE/firecode/input.txt'
